This is pdfTeX, Version 3.14159265-2.6-1.40.20 (TeX Live 2019) (preloaded format=pdflatex 2020.1.16)  14 APR 2021 23:40
entering extended mode
 restricted \write18 enabled.
 file:line:error style messages enabled.
 %&-line parsing enabled.
**bibliography.bib
(./bibliography.bib
LaTeX2e <2019-10-01> patch level 3

./bibliography.bib:4: LaTeX Error: Missing \begin{document}.

See the LaTeX manual or LaTeX Companion for explanation.
Type  H <return>  for immediate help.
 ...                                              
                                                  
l.4 @
     article{vishwanathan2010graph,
? 
./bibliography.bib:4: Emergency stop.
 ...                                              
                                                  
l.4 @
     article{vishwanathan2010graph,
You're in trouble here.  Try typing  <return>  to proceed.
If that doesn't work, type  X <return>  to quit.

 
Here is how much of TeX's memory you used:
 6 strings out of 492162
 272 string characters out of 6125292
 59563 words of memory out of 5000000
 4473 multiletter control sequences out of 15000+600000
 3640 words of font info for 14 fonts, out of 8000000 for 9000
 1141 hyphenation exceptions out of 8191
 5i,0n,4p,53b,14s stack positions out of 5000i,500n,10000p,200000b,80000s
./bibliography.bib:4:  ==> Fatal error occurred, no output PDF file produced!
