This is pdfTeX, Version 3.14159265-2.6-1.40.20 (TeX Live 2019) (preloaded format=pdflatex 2020.1.16)  20 FEB 2021 12:17
entering extended mode
 restricted \write18 enabled.
 file:line:error style messages enabled.
 %&-line parsing enabled.
**00_cover_page.tex
(./00_cover_page.tex
LaTeX2e <2019-10-01> patch level 3

./00_cover_page.tex:9: LaTeX Error: Missing \begin{document}.

See the LaTeX manual or LaTeX Companion for explanation.
Type  H <return>  for immediate help.
 ...                                              
                                                  
l.9 \begin{center}
                  
? 
./00_cover_page.tex:9: Emergency stop.
 ...                                              
                                                  
l.9 \begin{center}
                  
You're in trouble here.  Try typing  <return>  to proceed.
If that doesn't work, type  X <return>  to quit.

 
Here is how much of TeX's memory you used:
 6 strings out of 492162
 284 string characters out of 6125292
 59185 words of memory out of 5000000
 4473 multiletter control sequences out of 15000+600000
 3640 words of font info for 14 fonts, out of 8000000 for 9000
 1141 hyphenation exceptions out of 8191
 9i,0n,4p,60b,22s stack positions out of 5000i,500n,10000p,200000b,80000s
./00_cover_page.tex:9:  ==> Fatal error occurred, no output PDF file produced!
