This is pdfTeX, Version 3.14159265-2.6-1.40.20 (TeX Live 2019) (preloaded format=pdflatex 2020.1.16)  20 FEB 2021 12:16
entering extended mode
 restricted \write18 enabled.
 file:line:error style messages enabled.
 %&-line parsing enabled.
**main.tex
(./main.tex
LaTeX2e <2019-10-01> patch level 3

! LaTeX Error: File `Content/01_Front_Matter/00_cover_page.tex' not found.

Type X to quit or <RETURN> to proceed,
or enter new name. (Default extension: tex)

Enter file name: 
./main.tex:10: Emergency stop.
<read *> 
         
l.10 \input{Content/01_Front_Matter/00_cover_page}
                                                  ^^M
End of file on the terminal!

 
Here is how much of TeX's memory you used:
 8 strings out of 492162
 189 string characters out of 6125292
 59185 words of memory out of 5000000
 4474 multiletter control sequences out of 15000+600000
 3640 words of font info for 14 fonts, out of 8000000 for 9000
 1141 hyphenation exceptions out of 8191
 10i,0n,6p,94b,10s stack positions out of 5000i,500n,10000p,200000b,80000s
./main.tex:10:  ==> Fatal error occurred, no output PDF file produced!
