This is pdfTeX, Version 3.14159265-2.6-1.40.20 (TeX Live 2019) (preloaded format=pdflatex 2020.1.16)  13 APR 2021 21:19
entering extended mode
 restricted \write18 enabled.
 file:line:error style messages enabled.
 %&-line parsing enabled.
**main.tex
(./main.tex
LaTeX2e <2019-10-01> patch level 3
./main.tex:9: Undefined control sequence.
l.9 \chapter
            {Literature Review}
? 
./main.tex:9: Emergency stop.
l.9 \chapter
            {Literature Review}
End of file on the terminal!

 
Here is how much of TeX's memory you used:
 5 strings out of 492162
 115 string characters out of 6125292
 59185 words of memory out of 5000000
 4473 multiletter control sequences out of 15000+600000
 3640 words of font info for 14 fonts, out of 8000000 for 9000
 1141 hyphenation exceptions out of 8191
 5i,0n,1p,51b,8s stack positions out of 5000i,500n,10000p,200000b,80000s
./main.tex:9:  ==> Fatal error occurred, no output PDF file produced!
