\BOOKMARK [0][-]{chapter*.2}{List of Figures}{}% 1
\BOOKMARK [0][-]{chapter*.3}{List of Tables}{}% 2
\BOOKMARK [0][-]{chapter*.4}{List of Algorithms}{}% 3
\BOOKMARK [0][-]{chapter*.4}{Abstract}{}% 4
\BOOKMARK [0][-]{chapter.1}{Introduction}{}% 5
\BOOKMARK [0][-]{chapter.2}{Literature Review}{}% 6
\BOOKMARK [0][-]{chapter.3}{Methods}{}% 7
\BOOKMARK [1][-]{section.3.1}{Introduction}{chapter.3}% 8
\BOOKMARK [2][-]{subsection.3.1.1}{ Skip-grams}{section.3.1}% 9
\BOOKMARK [2][-]{subsection.3.1.2}{ Graph Kernels}{section.3.1}% 10
\BOOKMARK [2][-]{subsection.3.1.3}{Using Kernel for Clustering}{section.3.1}% 11
\BOOKMARK [2][-]{subsection.3.1.4}{Kernel Density Estimation Clustering for Linear Kernel}{section.3.1}% 12
\BOOKMARK [1][-]{section.3.2}{Processing Text into Graphs}{chapter.3}% 13
\BOOKMARK [1][-]{section.3.3}{Graph Kernels for Similarity}{chapter.3}% 14
\BOOKMARK [1][-]{section.3.4}{Graph Kernels for Similarity}{chapter.3}% 15
\BOOKMARK [1][-]{section.3.5}{Development of Methods}{chapter.3}% 16
\BOOKMARK [0][-]{chapter.4}{Results and Analysis}{}% 17
\BOOKMARK [1][-]{section.4.1}{NHTSA Special Crash Investigations}{chapter.4}% 18
\BOOKMARK [1][-]{section.4.2}{reddit Threads}{chapter.4}% 19
\BOOKMARK [1][-]{section.4.3}{Comparative Analysis}{chapter.4}% 20
\BOOKMARK [0][-]{chapter.5}{Conclusion}{}% 21
\BOOKMARK [0][-]{chapter.6}{Future Work}{}% 22
\BOOKMARK [0][-]{section*.15}{Appendices}{}% 23
\BOOKMARK [0][-]{Appendix.1.A}{Major Code Modules Used}{}% 24
\BOOKMARK [1][-]{section.1.A.1}{data\137collect\137mentalhealth.R}{Appendix.1.A}% 25
\BOOKMARK [1][-]{section.1.A.2}{correcting\137vertex\137labels.R}{Appendix.1.A}% 26
\BOOKMARK [1][-]{section.1.A.3}{convert\137to\137graphs.R}{Appendix.1.A}% 27
\BOOKMARK [1][-]{section.1.A.4}{compute\137kernel.R}{Appendix.1.A}% 28
\BOOKMARK [1][-]{section.1.A.5}{df\137to\137graph\137list.R}{Appendix.1.A}% 29
\BOOKMARK [1][-]{section.1.A.6}{compute\137graph\137similarity.R}{Appendix.1.A}% 30
