This is pdfTeX, Version 3.14159265-2.6-1.40.20 (TeX Live 2019) (preloaded format=pdflatex 2020.1.16)  28 APR 2021 15:16
entering extended mode
 restricted \write18 enabled.
 file:line:error style messages enabled.
 %&-line parsing enabled.
**main.tex
(./main.tex
LaTeX2e <2019-10-01> patch level 3
(/usr/local/texlive/2019/texmf-dist/tex/latex/base/report.cls
Document Class: report 2019/10/25 v1.4k Standard LaTeX document class
(/usr/local/texlive/2019/texmf-dist/tex/latex/base/size12.clo
File: size12.clo 2019/10/25 v1.4k Standard LaTeX file (size option)
)
\c@part=\count80
\c@chapter=\count81
\c@section=\count82
\c@subsection=\count83
\c@subsubsection=\count84
\c@paragraph=\count85
\c@subparagraph=\count86
\c@figure=\count87
\c@table=\count88
\abovecaptionskip=\skip41
\belowcaptionskip=\skip42
\bibindent=\dimen102
)
(/usr/local/texlive/2019/texmf-dist/tex/latex/base/inputenc.sty
Package: inputenc 2018/08/11 v1.3c Input encoding file
\inpenc@prehook=\toks14
\inpenc@posthook=\toks15
)
(./Styles/thesis-v1.0.sty
Package: Styles/thesis-v1.0 2020/04/01 Custom Package

(/usr/local/texlive/2019/texmf-dist/tex/latex/algorithm2e/algorithm2e.sty
Package: algorithm2e 2017/07/18 v5.2 algorithms environments
\c@AlgoLine=\count89

(/usr/local/texlive/2019/texmf-dist/tex/latex/base/ifthen.sty
Package: ifthen 2014/09/29 v1.1c Standard LaTeX ifthen package (DPC)
)
\algocf@hangindent=\skip43

(/usr/local/texlive/2019/texmf-dist/tex/latex/ifoddpage/ifoddpage.sty
Package: ifoddpage 2016/04/23 v1.1 Conditionals for odd/even page detection
\c@checkoddpage=\count90
)
(/usr/local/texlive/2019/texmf-dist/tex/latex/tools/xspace.sty
Package: xspace 2014/10/28 v1.13 Space after command names (DPC,MH)
)
(/usr/local/texlive/2019/texmf-dist/tex/latex/relsize/relsize.sty
Package: relsize 2013/03/29 ver 4.1
)
\skiptotal=\skip44
\skiplinenumber=\skip45
\skiprule=\skip46
\skiphlne=\skip47
\skiptext=\skip48
\skiplength=\skip49
\algomargin=\skip50
\skipalgocfslide=\skip51
\algowidth=\dimen103
\inoutsize=\dimen104
\inoutindent=\dimen105
\interspacetitleruled=\dimen106
\interspacealgoruled=\dimen107
\interspacetitleboxruled=\dimen108
\algocf@ruledwidth=\skip52
\algocf@inoutbox=\box27
\algocf@inputbox=\box28
\AlCapSkip=\skip53
\AlCapHSkip=\skip54
\algoskipindent=\skip55
\algocf@nlbox=\box29
\algocf@hangingbox=\box30
\algocf@untilbox=\box31
\algocf@skipuntil=\skip56
\algocf@capbox=\box32
\algocf@lcaptionbox=\skip57
\algoheightruledefault=\skip58
\algoheightrule=\skip59
\algotitleheightruledefault=\skip60
\algotitleheightrule=\skip61
\c@algocfline=\count91
\c@algocfproc=\count92
\c@algocf=\count93
\algocf@algoframe=\box33
\algocf@algobox=\box34
)
(/usr/local/texlive/2019/texmf-dist/tex/latex/amsmath/amsmath.sty
Package: amsmath 2019/11/16 v2.17d AMS math features
\@mathmargin=\skip62

For additional information on amsmath, use the `?' option.
(/usr/local/texlive/2019/texmf-dist/tex/latex/amsmath/amstext.sty
Package: amstext 2000/06/29 v2.01 AMS text

(/usr/local/texlive/2019/texmf-dist/tex/latex/amsmath/amsgen.sty
File: amsgen.sty 1999/11/30 v2.0 generic functions
\@emptytoks=\toks16
\ex@=\dimen109
))
(/usr/local/texlive/2019/texmf-dist/tex/latex/amsmath/amsbsy.sty
Package: amsbsy 1999/11/29 v1.2d Bold Symbols
\pmbraise@=\dimen110
)
(/usr/local/texlive/2019/texmf-dist/tex/latex/amsmath/amsopn.sty
Package: amsopn 2016/03/08 v2.02 operator names
)
\inf@bad=\count94
LaTeX Info: Redefining \frac on input line 227.
\uproot@=\count95
\leftroot@=\count96
LaTeX Info: Redefining \overline on input line 389.
\classnum@=\count97
\DOTSCASE@=\count98
LaTeX Info: Redefining \ldots on input line 486.
LaTeX Info: Redefining \dots on input line 489.
LaTeX Info: Redefining \cdots on input line 610.
\Mathstrutbox@=\box35
\strutbox@=\box36
\big@size=\dimen111
LaTeX Font Info:    Redeclaring font encoding OML on input line 733.
LaTeX Font Info:    Redeclaring font encoding OMS on input line 734.
\macc@depth=\count99
\c@MaxMatrixCols=\count100
\dotsspace@=\muskip10
\c@parentequation=\count101
\dspbrk@lvl=\count102
\tag@help=\toks17
\row@=\count103
\column@=\count104
\maxfields@=\count105
\andhelp@=\toks18
\eqnshift@=\dimen112
\alignsep@=\dimen113
\tagshift@=\dimen114
\tagwidth@=\dimen115
\totwidth@=\dimen116
\lineht@=\dimen117
\@envbody=\toks19
\multlinegap=\skip63
\multlinetaggap=\skip64
\mathdisplay@stack=\toks20
LaTeX Info: Redefining \[ on input line 2858.
LaTeX Info: Redefining \] on input line 2859.
)
(/usr/local/texlive/2019/texmf-dist/tex/latex/amsfonts/amsfonts.sty
Package: amsfonts 2013/01/14 v3.01 Basic AMSFonts support
\symAMSa=\mathgroup4
\symAMSb=\mathgroup5
LaTeX Font Info:    Redeclaring math symbol \hbar on input line 98.
LaTeX Font Info:    Overwriting math alphabet `\mathfrak' in version `bold'
(Font)                  U/euf/m/n --> U/euf/b/n on input line 106.
)
(/usr/local/texlive/2019/texmf-dist/tex/latex/tools/array.sty
Package: array 2019/08/31 v2.4l Tabular extension package (FMi)
\col@sep=\dimen118
\ar@mcellbox=\box37
\extrarowheight=\dimen119
\NC@list=\toks21
\extratabsurround=\skip65
\backup@length=\skip66
\ar@cellbox=\box38
)
(/usr/local/texlive/2019/texmf-dist/tex/latex/caption/caption.sty
Package: caption 2020/01/03 v3.4h Customizing captions (AR)

(/usr/local/texlive/2019/texmf-dist/tex/latex/caption/caption3.sty
Package: caption3 2020/01/03 v1.8h caption3 kernel (AR)
Package caption3 Info: TeX engine: e-TeX on input line 61.

(/usr/local/texlive/2019/texmf-dist/tex/latex/graphics/keyval.sty
Package: keyval 2014/10/28 v1.15 key=value parser (DPC)
\KV@toks@=\toks22
)
\captionmargin=\dimen120
\captionmargin@=\dimen121
\captionwidth=\dimen122
\caption@tempdima=\dimen123
\caption@indent=\dimen124
\caption@parindent=\dimen125
\caption@hangindent=\dimen126
Package caption Info: Standard document class detected.
)
\c@caption@flags=\count106
\c@continuedfloat=\count107
)
(/usr/local/texlive/2019/texmf-dist/tex/latex/xcolor/xcolor.sty
Package: xcolor 2016/05/11 v2.12 LaTeX color extensions (UK)

(/usr/local/texlive/2019/texmf-dist/tex/latex/graphics-cfg/color.cfg
File: color.cfg 2016/01/02 v1.6 sample color configuration
)
Package xcolor Info: Driver file: pdftex.def on input line 225.

(/usr/local/texlive/2019/texmf-dist/tex/latex/graphics-def/pdftex.def
File: pdftex.def 2018/01/08 v1.0l Graphics/color driver for pdftex
)
(/usr/local/texlive/2019/texmf-dist/tex/latex/colortbl/colortbl.sty
Package: colortbl 2018/12/12 v1.0d Color table columns (DPC)
\everycr=\toks23
\minrowclearance=\skip67
)
\rownum=\count108
Package xcolor Info: Model `cmy' substituted by `cmy0' on input line 1348.
Package xcolor Info: Model `hsb' substituted by `rgb' on input line 1352.
Package xcolor Info: Model `RGB' extended on input line 1364.
Package xcolor Info: Model `HTML' substituted by `rgb' on input line 1366.
Package xcolor Info: Model `Hsb' substituted by `hsb' on input line 1367.
Package xcolor Info: Model `tHsb' substituted by `hsb' on input line 1368.
Package xcolor Info: Model `HSB' substituted by `hsb' on input line 1369.
Package xcolor Info: Model `Gray' substituted by `gray' on input line 1370.
Package xcolor Info: Model `wave' substituted by `hsb' on input line 1371.
)
(/usr/local/texlive/2019/texmf-dist/tex/latex/tools/enumerate.sty
Package: enumerate 2015/07/23 v3.00 enumerate extensions (DPC)
\@enLab=\toks24
)
(/usr/local/texlive/2019/texmf-dist/tex/latex/float/float.sty
Package: float 2001/11/08 v1.3d Float enhancements (AL)
\c@float@type=\count109
\float@exts=\toks25
\float@box=\box39
\@float@everytoks=\toks26
\@floatcapt=\box40
)
(/usr/local/texlive/2019/texmf-dist/tex/latex/geometry/geometry.sty
Package: geometry 2020/01/02 v5.9 Page Geometry

(/usr/local/texlive/2019/texmf-dist/tex/generic/iftex/ifvtex.sty
Package: ifvtex 2019/10/25 v1.7 ifvtex legacy package. Use iftex instead.

(/usr/local/texlive/2019/texmf-dist/tex/generic/iftex/iftex.sty
Package: iftex 2019/11/07 v1.0c TeX engine tests
))
\Gm@cnth=\count110
\Gm@cntv=\count111
\c@Gm@tempcnt=\count112
\Gm@bindingoffset=\dimen127
\Gm@wd@mp=\dimen128
\Gm@odd@mp=\dimen129
\Gm@even@mp=\dimen130
\Gm@layoutwidth=\dimen131
\Gm@layoutheight=\dimen132
\Gm@layouthoffset=\dimen133
\Gm@layoutvoffset=\dimen134
\Gm@dimlist=\toks27
)
(/usr/local/texlive/2019/texmf-dist/tex/latex/graphics/graphicx.sty
Package: graphicx 2017/06/01 v1.1a Enhanced LaTeX Graphics (DPC,SPQR)

(/usr/local/texlive/2019/texmf-dist/tex/latex/graphics/graphics.sty
Package: graphics 2019/11/01 v1.3d Standard LaTeX Graphics (DPC,SPQR)

(/usr/local/texlive/2019/texmf-dist/tex/latex/graphics/trig.sty
Package: trig 2016/01/03 v1.10 sin cos tan (DPC)
)
(/usr/local/texlive/2019/texmf-dist/tex/latex/graphics-cfg/graphics.cfg
File: graphics.cfg 2016/06/04 v1.11 sample graphics configuration
)
Package graphics Info: Driver file: pdftex.def on input line 105.
)
\Gin@req@height=\dimen135
\Gin@req@width=\dimen136
)
(/usr/local/texlive/2019/texmf-dist/tex/latex/hyperref/hyperref.sty
Package: hyperref 2019/11/10 v7.00c Hypertext links for LaTeX

(/usr/local/texlive/2019/texmf-dist/tex/generic/ltxcmds/ltxcmds.sty
Package: ltxcmds 2019/12/15 v1.24 LaTeX kernel commands for general use (HO)
)
(/usr/local/texlive/2019/texmf-dist/tex/latex/pdftexcmds/pdftexcmds.sty
Package: pdftexcmds 2019/11/24 v0.31 Utility functions of pdfTeX for LuaTeX (HO
)

(/usr/local/texlive/2019/texmf-dist/tex/generic/infwarerr/infwarerr.sty
Package: infwarerr 2019/12/03 v1.5 Providing info/warning/error messages (HO)
)
Package pdftexcmds Info: \pdf@primitive is available.
Package pdftexcmds Info: \pdf@ifprimitive is available.
Package pdftexcmds Info: \pdfdraftmode found.
)
(/usr/local/texlive/2019/texmf-dist/tex/generic/kvsetkeys/kvsetkeys.sty
Package: kvsetkeys 2019/12/15 v1.18 Key value parser (HO)
)
(/usr/local/texlive/2019/texmf-dist/tex/generic/kvdefinekeys/kvdefinekeys.sty
Package: kvdefinekeys 2019-12-19 v1.6 Define keys (HO)
)
(/usr/local/texlive/2019/texmf-dist/tex/generic/pdfescape/pdfescape.sty
Package: pdfescape 2019/12/09 v1.15 Implements pdfTeX's escape features (HO)
)
(/usr/local/texlive/2019/texmf-dist/tex/latex/hycolor/hycolor.sty
Package: hycolor 2019/12/15 v1.9 Color options for hyperref/bookmark (HO)

(/usr/local/texlive/2019/texmf-dist/tex/latex/hycolor/xcolor-patch.sty
Package: xcolor-patch 2019/12/15 xcolor patch

(/usr/local/texlive/2019/texmf-dist/tex/latex/oberdiek/hopatch.sty
Package: hopatch 2016/05/16 v1.3 Wrapper for package hooks (HO)
)))
(/usr/local/texlive/2019/texmf-dist/tex/latex/letltxmacro/letltxmacro.sty
Package: letltxmacro 2019/12/03 v1.6 Let assignment for LaTeX macros (HO)
)
(/usr/local/texlive/2019/texmf-dist/tex/latex/auxhook/auxhook.sty
Package: auxhook 2019-12-17 v1.6 Hooks for auxiliary files (HO)
)
(/usr/local/texlive/2019/texmf-dist/tex/latex/kvoptions/kvoptions.sty
Package: kvoptions 2019/11/29 v3.13 Key value format for package options (HO)
)
\@linkdim=\dimen137
\Hy@linkcounter=\count113
\Hy@pagecounter=\count114

(/usr/local/texlive/2019/texmf-dist/tex/latex/hyperref/pd1enc.def
File: pd1enc.def 2019/11/10 v7.00c Hyperref: PDFDocEncoding definition (HO)
Now handling font encoding PD1 ...
... no UTF-8 mapping file for font encoding PD1
)
(/usr/local/texlive/2019/texmf-dist/tex/generic/intcalc/intcalc.sty
Package: intcalc 2019/12/15 v1.3 Expandable calculations with integers (HO)
)
(/usr/local/texlive/2019/texmf-dist/tex/generic/etexcmds/etexcmds.sty
Package: etexcmds 2019/12/15 v1.7 Avoid name clashes with e-TeX commands (HO)
)
\Hy@SavedSpaceFactor=\count115

(/usr/local/texlive/2019/texmf-dist/tex/latex/latexconfig/hyperref.cfg
File: hyperref.cfg 2002/06/06 v1.2 hyperref configuration of TeXLive
)
Package hyperref Info: Hyper figures OFF on input line 4535.
Package hyperref Info: Link nesting OFF on input line 4540.
Package hyperref Info: Hyper index ON on input line 4543.
Package hyperref Info: Plain pages OFF on input line 4550.
Package hyperref Info: Backreferencing OFF on input line 4555.
Package hyperref Info: Implicit mode ON; LaTeX internals redefined.
Package hyperref Info: Bookmarks ON on input line 4788.
\c@Hy@tempcnt=\count116

(/usr/local/texlive/2019/texmf-dist/tex/latex/url/url.sty
\Urlmuskip=\muskip11
Package: url 2013/09/16  ver 3.4  Verb mode for urls, etc.
)
LaTeX Info: Redefining \url on input line 5147.
\XeTeXLinkMargin=\dimen138

(/usr/local/texlive/2019/texmf-dist/tex/generic/bitset/bitset.sty
Package: bitset 2019/12/09 v1.3 Handle bit-vector datatype (HO)

(/usr/local/texlive/2019/texmf-dist/tex/generic/bigintcalc/bigintcalc.sty
Package: bigintcalc 2019/12/15 v1.5 Expandable calculations on big integers (HO
)
))
\Fld@menulength=\count117
\Field@Width=\dimen139
\Fld@charsize=\dimen140
Package hyperref Info: Hyper figures OFF on input line 6418.
Package hyperref Info: Link nesting OFF on input line 6423.
Package hyperref Info: Hyper index ON on input line 6426.
Package hyperref Info: backreferencing OFF on input line 6433.
Package hyperref Info: Link coloring OFF on input line 6438.
Package hyperref Info: Link coloring with OCG OFF on input line 6443.
Package hyperref Info: PDF/A mode OFF on input line 6448.
LaTeX Info: Redefining \ref on input line 6488.
LaTeX Info: Redefining \pageref on input line 6492.

(/usr/local/texlive/2019/texmf-dist/tex/generic/atbegshi/atbegshi.sty
Package: atbegshi 2019/12/05 v1.19 At begin shipout hook (HO)
)
\Hy@abspage=\count118
\c@Item=\count119
\c@Hfootnote=\count120
)
Package hyperref Info: Driver (autodetected): hpdftex.

(/usr/local/texlive/2019/texmf-dist/tex/latex/hyperref/hpdftex.def
File: hpdftex.def 2019/11/10 v7.00c Hyperref driver for pdfTeX

(/usr/local/texlive/2019/texmf-dist/tex/latex/atveryend/atveryend.sty
Package: atveryend 2019-12-11 v1.11 Hooks at the very end of document (HO)
Package atveryend Info: \enddocument detected (standard20110627).
)
\Fld@listcount=\count121
\c@bookmark@seq@number=\count122

(/usr/local/texlive/2019/texmf-dist/tex/latex/rerunfilecheck/rerunfilecheck.sty
Package: rerunfilecheck 2019/12/05 v1.9 Rerun checks for auxiliary files (HO)

(/usr/local/texlive/2019/texmf-dist/tex/generic/uniquecounter/uniquecounter.sty
Package: uniquecounter 2019/12/15 v1.4 Provide unlimited unique counter (HO)
)
Package uniquecounter Info: New unique counter `rerunfilecheck' on input line 2
86.
)
\Hy@SectionHShift=\skip68
) (/usr/local/texlive/2019/texmf-dist/tex/latex/tools/longtable.sty
Package: longtable 2019/02/06 v4.12 Multi-page Table package (DPC)
\LTleft=\skip69
\LTright=\skip70
\LTpre=\skip71
\LTpost=\skip72
\LTchunksize=\count123
\LTcapwidth=\dimen141
\LT@head=\box41
\LT@firsthead=\box42
\LT@foot=\box43
\LT@lastfoot=\box44
\LT@cols=\count124
\LT@rows=\count125
\c@LT@tables=\count126
\c@LT@chunks=\count127
\LT@p@ftn=\toks28
)
(/usr/local/texlive/2019/texmf-dist/tex/latex/tools/multicol.sty
Package: multicol 2019/03/01 v1.8w multicolumn formatting (FMi)
\c@tracingmulticols=\count128
\mult@box=\box45
\multicol@leftmargin=\dimen142
\c@unbalance=\count129
\c@collectmore=\count130
\doublecol@number=\count131
\multicoltolerance=\count132
\multicolpretolerance=\count133
\full@width=\dimen143
\page@free=\dimen144
\premulticols=\dimen145
\postmulticols=\dimen146
\multicolsep=\skip73
\multicolbaselineskip=\skip74
\partial@page=\box46
\last@line=\box47
\maxbalancingoverflow=\dimen147
\mult@rightbox=\box48
\mult@grightbox=\box49
\mult@gfirstbox=\box50
\mult@firstbox=\box51
\@tempa=\box52
\@tempa=\box53
\@tempa=\box54
\@tempa=\box55
\@tempa=\box56
\@tempa=\box57
\@tempa=\box58
\@tempa=\box59
\@tempa=\box60
\@tempa=\box61
\@tempa=\box62
\@tempa=\box63
\@tempa=\box64
\@tempa=\box65
\@tempa=\box66
\@tempa=\box67
\@tempa=\box68
\c@minrows=\count134
\c@columnbadness=\count135
\c@finalcolumnbadness=\count136
\last@try=\dimen148
\multicolovershoot=\dimen149
\multicolundershoot=\dimen150
\mult@nat@firstbox=\box69
\colbreak@box=\box70
\mc@col@check@num=\count137
)
(/usr/local/texlive/2019/texmf-dist/tex/latex/setspace/setspace.sty
Package: setspace 2011/12/19 v6.7a set line spacing
)
(/usr/local/texlive/2019/texmf-dist/tex/latex/titlesec/titlesec.sty
Package: titlesec 2019/10/16 v2.13 Sectioning titles
\ttl@box=\box71
\beforetitleunit=\skip75
\aftertitleunit=\skip76
\ttl@plus=\dimen151
\ttl@minus=\dimen152
\ttl@toksa=\toks29
\titlewidth=\dimen153
\titlewidthlast=\dimen154
\titlewidthfirst=\dimen155
)
(/usr/local/texlive/2019/texmf-dist/tex/latex/tikz-qtree/tikz-qtree.sty
(/usr/local/texlive/2019/texmf-dist/tex/latex/pgf/frontendlayer/tikz.sty
(/usr/local/texlive/2019/texmf-dist/tex/latex/pgf/basiclayer/pgf.sty
(/usr/local/texlive/2019/texmf-dist/tex/latex/pgf/utilities/pgfrcs.sty
(/usr/local/texlive/2019/texmf-dist/tex/generic/pgf/utilities/pgfutil-common.te
x
\pgfutil@everybye=\toks30
\pgfutil@tempdima=\dimen156
\pgfutil@tempdimb=\dimen157

(/usr/local/texlive/2019/texmf-dist/tex/generic/pgf/utilities/pgfutil-common-li
sts.tex))
(/usr/local/texlive/2019/texmf-dist/tex/generic/pgf/utilities/pgfutil-latex.def
\pgfutil@abb=\box72
(/usr/local/texlive/2019/texmf-dist/tex/latex/ms/everyshi.sty
Package: everyshi 2001/05/15 v3.00 EveryShipout Package (MS)
))
(/usr/local/texlive/2019/texmf-dist/tex/generic/pgf/utilities/pgfrcs.code.tex
(/usr/local/texlive/2019/texmf-dist/tex/generic/pgf/pgf.revision.tex)
Package: pgfrcs 2020/01/08 v3.1.5b (3.1.5b)
))
Package: pgf 2020/01/08 v3.1.5b (3.1.5b)

(/usr/local/texlive/2019/texmf-dist/tex/latex/pgf/basiclayer/pgfcore.sty
(/usr/local/texlive/2019/texmf-dist/tex/latex/pgf/systemlayer/pgfsys.sty
(/usr/local/texlive/2019/texmf-dist/tex/generic/pgf/systemlayer/pgfsys.code.tex
Package: pgfsys 2020/01/08 v3.1.5b (3.1.5b)
(/usr/local/texlive/2019/texmf-dist/tex/generic/pgf/utilities/pgfkeys.code.tex
\pgfkeys@pathtoks=\toks31
\pgfkeys@temptoks=\toks32

(/usr/local/texlive/2019/texmf-dist/tex/generic/pgf/utilities/pgfkeysfiltered.c
ode.tex
\pgfkeys@tmptoks=\toks33
))
\pgf@x=\dimen158
\pgf@y=\dimen159
\pgf@xa=\dimen160
\pgf@ya=\dimen161
\pgf@xb=\dimen162
\pgf@yb=\dimen163
\pgf@xc=\dimen164
\pgf@yc=\dimen165
\pgf@xd=\dimen166
\pgf@yd=\dimen167
\w@pgf@writea=\write3
\r@pgf@reada=\read1
\c@pgf@counta=\count138
\c@pgf@countb=\count139
\c@pgf@countc=\count140
\c@pgf@countd=\count141
\t@pgf@toka=\toks34
\t@pgf@tokb=\toks35
\t@pgf@tokc=\toks36
\pgf@sys@id@count=\count142

(/usr/local/texlive/2019/texmf-dist/tex/generic/pgf/systemlayer/pgf.cfg
File: pgf.cfg 2020/01/08 v3.1.5b (3.1.5b)
)
Driver file for pgf: pgfsys-pdftex.def

(/usr/local/texlive/2019/texmf-dist/tex/generic/pgf/systemlayer/pgfsys-pdftex.d
ef
File: pgfsys-pdftex.def 2020/01/08 v3.1.5b (3.1.5b)

(/usr/local/texlive/2019/texmf-dist/tex/generic/pgf/systemlayer/pgfsys-common-p
df.def
File: pgfsys-common-pdf.def 2020/01/08 v3.1.5b (3.1.5b)
)))
(/usr/local/texlive/2019/texmf-dist/tex/generic/pgf/systemlayer/pgfsyssoftpath.
code.tex
File: pgfsyssoftpath.code.tex 2020/01/08 v3.1.5b (3.1.5b)
\pgfsyssoftpath@smallbuffer@items=\count143
\pgfsyssoftpath@bigbuffer@items=\count144
)
(/usr/local/texlive/2019/texmf-dist/tex/generic/pgf/systemlayer/pgfsysprotocol.
code.tex
File: pgfsysprotocol.code.tex 2020/01/08 v3.1.5b (3.1.5b)
))
(/usr/local/texlive/2019/texmf-dist/tex/generic/pgf/basiclayer/pgfcore.code.tex
Package: pgfcore 2020/01/08 v3.1.5b (3.1.5b)
(/usr/local/texlive/2019/texmf-dist/tex/generic/pgf/math/pgfmath.code.tex
(/usr/local/texlive/2019/texmf-dist/tex/generic/pgf/math/pgfmathcalc.code.tex
(/usr/local/texlive/2019/texmf-dist/tex/generic/pgf/math/pgfmathutil.code.tex)
(/usr/local/texlive/2019/texmf-dist/tex/generic/pgf/math/pgfmathparser.code.tex
\pgfmath@dimen=\dimen168
\pgfmath@count=\count145
\pgfmath@box=\box73
\pgfmath@toks=\toks37
\pgfmath@stack@operand=\toks38
\pgfmath@stack@operation=\toks39
)
(/usr/local/texlive/2019/texmf-dist/tex/generic/pgf/math/pgfmathfunctions.code.
tex
(/usr/local/texlive/2019/texmf-dist/tex/generic/pgf/math/pgfmathfunctions.basic
.code.tex)
(/usr/local/texlive/2019/texmf-dist/tex/generic/pgf/math/pgfmathfunctions.trigo
nometric.code.tex)
(/usr/local/texlive/2019/texmf-dist/tex/generic/pgf/math/pgfmathfunctions.rando
m.code.tex)
(/usr/local/texlive/2019/texmf-dist/tex/generic/pgf/math/pgfmathfunctions.compa
rison.code.tex)
(/usr/local/texlive/2019/texmf-dist/tex/generic/pgf/math/pgfmathfunctions.base.
code.tex)
(/usr/local/texlive/2019/texmf-dist/tex/generic/pgf/math/pgfmathfunctions.round
.code.tex)
(/usr/local/texlive/2019/texmf-dist/tex/generic/pgf/math/pgfmathfunctions.misc.
code.tex)
(/usr/local/texlive/2019/texmf-dist/tex/generic/pgf/math/pgfmathfunctions.integ
erarithmetics.code.tex)))
(/usr/local/texlive/2019/texmf-dist/tex/generic/pgf/math/pgfmathfloat.code.tex
\c@pgfmathroundto@lastzeros=\count146
)) (/usr/local/texlive/2019/texmf-dist/tex/generic/pgf/math/pgfint.code.tex)
(/usr/local/texlive/2019/texmf-dist/tex/generic/pgf/basiclayer/pgfcorepoints.co
de.tex
File: pgfcorepoints.code.tex 2020/01/08 v3.1.5b (3.1.5b)
\pgf@picminx=\dimen169
\pgf@picmaxx=\dimen170
\pgf@picminy=\dimen171
\pgf@picmaxy=\dimen172
\pgf@pathminx=\dimen173
\pgf@pathmaxx=\dimen174
\pgf@pathminy=\dimen175
\pgf@pathmaxy=\dimen176
\pgf@xx=\dimen177
\pgf@xy=\dimen178
\pgf@yx=\dimen179
\pgf@yy=\dimen180
\pgf@zx=\dimen181
\pgf@zy=\dimen182
)
(/usr/local/texlive/2019/texmf-dist/tex/generic/pgf/basiclayer/pgfcorepathconst
ruct.code.tex
File: pgfcorepathconstruct.code.tex 2020/01/08 v3.1.5b (3.1.5b)
\pgf@path@lastx=\dimen183
\pgf@path@lasty=\dimen184
)
(/usr/local/texlive/2019/texmf-dist/tex/generic/pgf/basiclayer/pgfcorepathusage
.code.tex
File: pgfcorepathusage.code.tex 2020/01/08 v3.1.5b (3.1.5b)
\pgf@shorten@end@additional=\dimen185
\pgf@shorten@start@additional=\dimen186
)
(/usr/local/texlive/2019/texmf-dist/tex/generic/pgf/basiclayer/pgfcorescopes.co
de.tex
File: pgfcorescopes.code.tex 2020/01/08 v3.1.5b (3.1.5b)
\pgfpic=\box74
\pgf@hbox=\box75
\pgf@layerbox@main=\box76
\pgf@picture@serial@count=\count147
)
(/usr/local/texlive/2019/texmf-dist/tex/generic/pgf/basiclayer/pgfcoregraphicst
ate.code.tex
File: pgfcoregraphicstate.code.tex 2020/01/08 v3.1.5b (3.1.5b)
\pgflinewidth=\dimen187
)
(/usr/local/texlive/2019/texmf-dist/tex/generic/pgf/basiclayer/pgfcoretransform
ations.code.tex
File: pgfcoretransformations.code.tex 2020/01/08 v3.1.5b (3.1.5b)
\pgf@pt@x=\dimen188
\pgf@pt@y=\dimen189
\pgf@pt@temp=\dimen190
)
(/usr/local/texlive/2019/texmf-dist/tex/generic/pgf/basiclayer/pgfcorequick.cod
e.tex
File: pgfcorequick.code.tex 2020/01/08 v3.1.5b (3.1.5b)
)
(/usr/local/texlive/2019/texmf-dist/tex/generic/pgf/basiclayer/pgfcoreobjects.c
ode.tex
File: pgfcoreobjects.code.tex 2020/01/08 v3.1.5b (3.1.5b)
)
(/usr/local/texlive/2019/texmf-dist/tex/generic/pgf/basiclayer/pgfcorepathproce
ssing.code.tex
File: pgfcorepathprocessing.code.tex 2020/01/08 v3.1.5b (3.1.5b)
)
(/usr/local/texlive/2019/texmf-dist/tex/generic/pgf/basiclayer/pgfcorearrows.co
de.tex
File: pgfcorearrows.code.tex 2020/01/08 v3.1.5b (3.1.5b)
\pgfarrowsep=\dimen191
)
(/usr/local/texlive/2019/texmf-dist/tex/generic/pgf/basiclayer/pgfcoreshade.cod
e.tex
File: pgfcoreshade.code.tex 2020/01/08 v3.1.5b (3.1.5b)
\pgf@max=\dimen192
\pgf@sys@shading@range@num=\count148
\pgf@shadingcount=\count149
)
(/usr/local/texlive/2019/texmf-dist/tex/generic/pgf/basiclayer/pgfcoreimage.cod
e.tex
File: pgfcoreimage.code.tex 2020/01/08 v3.1.5b (3.1.5b)

(/usr/local/texlive/2019/texmf-dist/tex/generic/pgf/basiclayer/pgfcoreexternal.
code.tex
File: pgfcoreexternal.code.tex 2020/01/08 v3.1.5b (3.1.5b)
\pgfexternal@startupbox=\box77
))
(/usr/local/texlive/2019/texmf-dist/tex/generic/pgf/basiclayer/pgfcorelayers.co
de.tex
File: pgfcorelayers.code.tex 2020/01/08 v3.1.5b (3.1.5b)
)
(/usr/local/texlive/2019/texmf-dist/tex/generic/pgf/basiclayer/pgfcoretranspare
ncy.code.tex
File: pgfcoretransparency.code.tex 2020/01/08 v3.1.5b (3.1.5b)
)
(/usr/local/texlive/2019/texmf-dist/tex/generic/pgf/basiclayer/pgfcorepatterns.
code.tex
File: pgfcorepatterns.code.tex 2020/01/08 v3.1.5b (3.1.5b)
)
(/usr/local/texlive/2019/texmf-dist/tex/generic/pgf/basiclayer/pgfcorerdf.code.
tex
File: pgfcorerdf.code.tex 2020/01/08 v3.1.5b (3.1.5b)
)))
(/usr/local/texlive/2019/texmf-dist/tex/generic/pgf/modules/pgfmoduleshapes.cod
e.tex
File: pgfmoduleshapes.code.tex 2020/01/08 v3.1.5b (3.1.5b)
\pgfnodeparttextbox=\box78
)
(/usr/local/texlive/2019/texmf-dist/tex/generic/pgf/modules/pgfmoduleplot.code.
tex
File: pgfmoduleplot.code.tex 2020/01/08 v3.1.5b (3.1.5b)
)
(/usr/local/texlive/2019/texmf-dist/tex/latex/pgf/compatibility/pgfcomp-version
-0-65.sty
Package: pgfcomp-version-0-65 2020/01/08 v3.1.5b (3.1.5b)
\pgf@nodesepstart=\dimen193
\pgf@nodesepend=\dimen194
)
(/usr/local/texlive/2019/texmf-dist/tex/latex/pgf/compatibility/pgfcomp-version
-1-18.sty
Package: pgfcomp-version-1-18 2020/01/08 v3.1.5b (3.1.5b)
))
(/usr/local/texlive/2019/texmf-dist/tex/latex/pgf/utilities/pgffor.sty
(/usr/local/texlive/2019/texmf-dist/tex/latex/pgf/utilities/pgfkeys.sty
(/usr/local/texlive/2019/texmf-dist/tex/generic/pgf/utilities/pgfkeys.code.tex)
) (/usr/local/texlive/2019/texmf-dist/tex/latex/pgf/math/pgfmath.sty
(/usr/local/texlive/2019/texmf-dist/tex/generic/pgf/math/pgfmath.code.tex))
(/usr/local/texlive/2019/texmf-dist/tex/generic/pgf/utilities/pgffor.code.tex
Package: pgffor 2020/01/08 v3.1.5b (3.1.5b)

(/usr/local/texlive/2019/texmf-dist/tex/generic/pgf/math/pgfmath.code.tex)
\pgffor@iter=\dimen195
\pgffor@skip=\dimen196
\pgffor@stack=\toks40
\pgffor@toks=\toks41
))
(/usr/local/texlive/2019/texmf-dist/tex/generic/pgf/frontendlayer/tikz/tikz.cod
e.tex
Package: tikz 2020/01/08 v3.1.5b (3.1.5b)

(/usr/local/texlive/2019/texmf-dist/tex/generic/pgf/libraries/pgflibraryplothan
dlers.code.tex
File: pgflibraryplothandlers.code.tex 2020/01/08 v3.1.5b (3.1.5b)
\pgf@plot@mark@count=\count150
\pgfplotmarksize=\dimen197
)
\tikz@lastx=\dimen198
\tikz@lasty=\dimen199
\tikz@lastxsaved=\dimen256
\tikz@lastysaved=\dimen257
\tikz@lastmovetox=\dimen258
\tikz@lastmovetoy=\dimen259
\tikzleveldistance=\dimen260
\tikzsiblingdistance=\dimen261
\tikz@figbox=\box79
\tikz@figbox@bg=\box80
\tikz@tempbox=\box81
\tikz@tempbox@bg=\box82
\tikztreelevel=\count151
\tikznumberofchildren=\count152
\tikznumberofcurrentchild=\count153
\tikz@fig@count=\count154

(/usr/local/texlive/2019/texmf-dist/tex/generic/pgf/modules/pgfmodulematrix.cod
e.tex
File: pgfmodulematrix.code.tex 2020/01/08 v3.1.5b (3.1.5b)
\pgfmatrixcurrentrow=\count155
\pgfmatrixcurrentcolumn=\count156
\pgf@matrix@numberofcolumns=\count157
)
\tikz@expandcount=\count158

(/usr/local/texlive/2019/texmf-dist/tex/generic/pgf/frontendlayer/tikz/librarie
s/tikzlibrarytopaths.code.tex
File: tikzlibrarytopaths.code.tex 2020/01/08 v3.1.5b (3.1.5b)
)))
(/usr/local/texlive/2019/texmf-dist/tex/latex/tikz-qtree/pgftree.sty
(/usr/local/texlive/2019/texmf-dist/tex/latex/tikz-qtree/pgfsubpic.sty
(/usr/local/texlive/2019/texmf-dist/tex/latex/tikz-qtree/pgfsubpic.tex
\pgf@subpicminx=\dimen262
\pgf@subpicminy=\dimen263
\pgf@subpicmaxx=\dimen264
\pgf@subpicmaxy=\dimen265
))
(/usr/local/texlive/2019/texmf-dist/tex/latex/tikz-qtree/pgftree.tex
\levelsep=\dimen266
\subtreesep=\dimen267
\smuggle@levelsep=\dimen268
\smuggle@subtreesep=\dimen269
\this@levelsep=\dimen270
\this@subtreesep=\dimen271
\pgftree@childx=\dimen272
\pgftree@savechildx=\dimen273
\pgftree@childy=\dimen274
\pgftree@savechildy=\dimen275
\pgftree@childi=\count159
\pgftree@savechildi=\count160
\pgftree@level=\count161
\pgftree@depth=\dimen276
\pgf@subpic@hbox@children=\box83
\pgf@subpic@minx@children=\dimen277
\pgf@subpic@miny@children=\dimen278
\pgf@subpic@maxx@children=\dimen279
\pgf@subpic@maxy@children=\dimen280
\pgftree@lastchildx=\dimen281
\pgftree@lastchildy=\dimen282
))
(/usr/local/texlive/2019/texmf-dist/tex/latex/tikz-qtree/tikz-qtree.tex
\@result=\toks42
\child@list=\toks43
\root@node=\toks44
))
(/usr/local/texlive/2019/texmf-dist/tex/generic/pgf/frontendlayer/tikz/librarie
s/tikzlibraryarrows.code.tex
File: tikzlibraryarrows.code.tex 2020/01/08 v3.1.5b (3.1.5b)

(/usr/local/texlive/2019/texmf-dist/tex/generic/pgf/libraries/pgflibraryarrows.
code.tex
File: pgflibraryarrows.code.tex 2020/01/08 v3.1.5b (3.1.5b)
\arrowsize=\dimen283
))
(/usr/local/texlive/2019/texmf-dist/tex/generic/pgf/frontendlayer/tikz/librarie
s/tikzlibrarydecorations.markings.code.tex
(/usr/local/texlive/2019/texmf-dist/tex/generic/pgf/frontendlayer/tikz/librarie
s/tikzlibrarydecorations.code.tex
(/usr/local/texlive/2019/texmf-dist/tex/generic/pgf/modules/pgfmoduledecoration
s.code.tex
\pgfdecoratedcompleteddistance=\dimen284
\pgfdecoratedremainingdistance=\dimen285
\pgfdecoratedinputsegmentcompleteddistance=\dimen286
\pgfdecoratedinputsegmentremainingdistance=\dimen287
\pgf@decorate@distancetomove=\dimen288
\pgf@decorate@repeatstate=\count162
\pgfdecorationsegmentamplitude=\dimen289
\pgfdecorationsegmentlength=\dimen290
)
\tikz@lib@dec@box=\box84
)
(/usr/local/texlive/2019/texmf-dist/tex/generic/pgf/libraries/decorations/pgfli
brarydecorations.markings.code.tex))
(/usr/local/texlive/2019/texmf-dist/tex/latex/appendix/appendix.sty
Package: appendix 2009/09/02 v1.2b extra appendix facilities
\c@@pps=\count163
\c@@ppsavesec=\count164
\c@@ppsaveapp=\count165
))
(/usr/local/texlive/2019/texmf-dist/tex/latex/apacite/apacite.sty
Package: apacite 2013/07/21 v6.03 APA citation
\c@BibCnt=\count166
\bibleftmargin=\skip77
\bibindent=\skip78
\bibparsep=\skip79
\bibitemsep=\skip80
\biblabelsep=\skip81
)
(/usr/local/texlive/2019/texmf-dist/tex/latex/listings/listings.sty
\lst@mode=\count167
\lst@gtempboxa=\box85
\lst@token=\toks45
\lst@length=\count168
\lst@currlwidth=\dimen291
\lst@column=\count169
\lst@pos=\count170
\lst@lostspace=\dimen292
\lst@width=\dimen293
\lst@newlines=\count171
\lst@lineno=\count172
\lst@maxwidth=\dimen294

(/usr/local/texlive/2019/texmf-dist/tex/latex/listings/lstmisc.sty
File: lstmisc.sty 2019/09/10 1.8c (Carsten Heinz)
\c@lstnumber=\count173
\lst@skipnumbers=\count174
\lst@framebox=\box86
)
(/usr/local/texlive/2019/texmf-dist/tex/latex/listings/listings.cfg
File: listings.cfg 2019/09/10 1.8c listings configuration
))
Package: listings 2019/09/10 1.8c (Carsten Heinz)

(/usr/local/texlive/2019/texmf-dist/tex/latex/listings/lstlang1.sty
File: lstlang1.sty 2019/09/10 1.8c listings language file
)
(/usr/local/texlive/2019/texmf-dist/tex/latex/listings/lstlang2.sty
File: lstlang2.sty 2019/09/10 1.8c listings language file
)
(/usr/local/texlive/2019/texmf-dist/tex/latex/listings/lstlang3.sty
File: lstlang3.sty 2019/09/10 1.8c listings language file
)
(./main.aux)
\openout1 = `main.aux'.

LaTeX Font Info:    Checking defaults for OML/cmm/m/it on input line 63.
LaTeX Font Info:    ... okay on input line 63.
LaTeX Font Info:    Checking defaults for T1/cmr/m/n on input line 63.
LaTeX Font Info:    ... okay on input line 63.
LaTeX Font Info:    Checking defaults for OT1/cmr/m/n on input line 63.
LaTeX Font Info:    ... okay on input line 63.
LaTeX Font Info:    Checking defaults for OMS/cmsy/m/n on input line 63.
LaTeX Font Info:    ... okay on input line 63.
LaTeX Font Info:    Checking defaults for OMX/cmex/m/n on input line 63.
LaTeX Font Info:    ... okay on input line 63.
LaTeX Font Info:    Checking defaults for U/cmr/m/n on input line 63.
LaTeX Font Info:    ... okay on input line 63.
LaTeX Font Info:    Checking defaults for PD1/pdf/m/n on input line 63.
LaTeX Font Info:    ... okay on input line 63.
Package caption Info: Begin \AtBeginDocument code.
Package caption Info: float package is loaded.
Package caption Info: hyperref package is loaded.
Package caption Info: listings package is loaded.
Package caption Info: longtable package is loaded.

(/usr/local/texlive/2019/texmf-dist/tex/latex/caption/ltcaption.sty
Package: ltcaption 2018/08/26 v1.4a longtable captions (AR)
)
Package caption Info: End \AtBeginDocument code.

(/usr/local/texlive/2019/texmf-dist/tex/context/base/mkii/supp-pdf.mkii
[Loading MPS to PDF converter (version 2006.09.02).]
\scratchcounter=\count175
\scratchdimen=\dimen295
\scratchbox=\box87
\nofMPsegments=\count176
\nofMParguments=\count177
\everyMPshowfont=\toks46
\MPscratchCnt=\count178
\MPscratchDim=\dimen296
\MPnumerator=\count179
\makeMPintoPDFobject=\count180
\everyMPtoPDFconversion=\toks47
) (/usr/local/texlive/2019/texmf-dist/tex/latex/epstopdf-pkg/epstopdf-base.sty
Package: epstopdf-base 2019-12-09 v2.10 Base part for package epstopdf
Package epstopdf-base Info: Redefining graphics rule for `.eps' on input line 4
85.

(/usr/local/texlive/2019/texmf-dist/tex/latex/latexconfig/epstopdf-sys.cfg
File: epstopdf-sys.cfg 2010/07/13 v1.3 Configuration of (r)epstopdf for TeX Liv
e
))
*geometry* driver: auto-detecting
*geometry* detected driver: pdftex
*geometry* verbose mode - [ preamble ] result:
* driver: pdftex
* paper: a4paper
* layout: <same size as paper>
* layoutoffset:(h,v)=(0.0pt,0.0pt)
* modes: 
* h-part:(L,W,R)=(72.26999pt, 452.9679pt, 72.26999pt)
* v-part:(T,H,B)=(72.26999pt, 700.50687pt, 72.26999pt)
* \paperwidth=597.50787pt
* \paperheight=845.04684pt
* \textwidth=452.9679pt
* \textheight=700.50687pt
* \oddsidemargin=0.0pt
* \evensidemargin=0.0pt
* \topmargin=-37.0pt
* \headheight=12.0pt
* \headsep=25.0pt
* \topskip=12.0pt
* \footskip=18.06749pt
* \marginparwidth=44.0pt
* \marginparsep=10.0pt
* \columnsep=10.0pt
* \skip\footins=10.8pt plus 4.0pt minus 2.0pt
* \hoffset=0.0pt
* \voffset=0.0pt
* \mag=1000
* \@twocolumnfalse
* \@twosidefalse
* \@mparswitchfalse
* \@reversemarginfalse
* (1in=72.27pt=25.4mm, 1cm=28.453pt)

\AtBeginShipoutBox=\box88
Package hyperref Info: Link coloring OFF on input line 63.
(/usr/local/texlive/2019/texmf-dist/tex/latex/hyperref/nameref.sty
Package: nameref 2019/09/16 v2.46 Cross-referencing by name of section

(/usr/local/texlive/2019/texmf-dist/tex/latex/refcount/refcount.sty
Package: refcount 2019/12/15 v3.6 Data extraction from label references (HO)
)
(/usr/local/texlive/2019/texmf-dist/tex/generic/gettitlestring/gettitlestring.s
ty
Package: gettitlestring 2019/12/15 v1.6 Cleanup title references (HO)
)
\c@section@level=\count181
)
LaTeX Info: Redefining \ref on input line 63.
LaTeX Info: Redefining \pageref on input line 63.
LaTeX Info: Redefining \nameref on input line 63.
 (./main.out) (./main.out)
\@outlinefile=\write4
\openout4 = `main.out'.

 ABD: EveryShipout initializing macros
\c@maskedRefs=\count182

(/usr/local/texlive/2019/texmf-dist/tex/latex/apacite/english.apc
File: english.apc 2013/07/21 v6.03 apacite language file
LaTeX Info: Redefining \BPBI on input line 129.
LaTeX Info: Redefining \BHBI on input line 130.
)
\c@lstlisting=\count183

(./Content/01_Front_Matter/main.tex
(./Content/01_Front_Matter/00_cover_page.tex
<Content/Images/FLPoly_logo.pdf, id=138, 412.54124pt x 112.92188pt>
File: Content/Images/FLPoly_logo.pdf Graphic file (type pdf)
<use Content/Images/FLPoly_logo.pdf>
Package pdftex.def Info: Content/Images/FLPoly_logo.pdf  used on input line 10.

(pdftex.def)             Requested size: 289.07999pt x 79.12918pt.
) [1

{/usr/local/texlive/2019/texmf-var/fonts/map/pdftex/updmap/pdftex.map} <./Conte
nt/Images/FLPoly_logo.pdf>]
(./Content/01_Front_Matter/01_signatures_page.tex
LaTeX Font Info:    Trying to load font information for U+msa on input line 43.


(/usr/local/texlive/2019/texmf-dist/tex/latex/amsfonts/umsa.fd
File: umsa.fd 2013/01/14 v3.01 AMS symbols A
)
LaTeX Font Info:    Trying to load font information for U+msb on input line 43.


(/usr/local/texlive/2019/texmf-dist/tex/latex/amsfonts/umsb.fd
File: umsb.fd 2013/01/14 v3.01 AMS symbols B
)) [2]
(./Content/01_Front_Matter/02_dedication.tex) [3]
(./Content/01_Front_Matter/03_acknowledgments.tex) [4]
(./Content/01_Front_Matter/04_front_matter.tex (./main.toc [1

])
\tf@toc=\write5
\openout5 = `main.toc'.

 [2] (./main.lof)
\tf@lof=\write6
\openout6 = `main.lof'.

 [3

] (./main.lot)
\tf@lot=\write7
\openout7 = `main.lot'.

 [4

]) (./Content/01_Front_Matter/05_abstract.texpdfTeX warning (ext4): destination
 with the same identifier (name{page.1}) has been already used, duplicate ignor
ed
<to be read again> 
                   \relax 
l.14 \end{abstract}
                    [1])) (./Content/02_Chapters/main.tex
(./Content/02_Chapters/Chapter 01/main.tex
Chapter 1.
pdfTeX warning (ext4): destination with the same identifier (name{page.1}) has 
been already used, duplicate ignored
<to be read again> 
                   \relax 
l.17 
      [1

]
<Content/Images/Concept_map.png, id=296, 834.11626pt x 812.03375pt>
File: Content/Images/Concept_map.png Graphic file (type png)
<use Content/Images/Concept_map.png>
Package pdftex.def Info: Content/Images/Concept_map.png  used on input line 19.

(pdftex.def)             Requested size: 433.62pt x 422.14847pt.
pdfTeX warning (ext4): destination with the same identifier (name{page.2}) has 
been already used, duplicate ignored
<to be read again> 
                   \relax 
l.24 
      [2 <./Content/Images/Concept_map.png>]
LaTeX Font Info:    Trying to load font information for OMS+cmtt on input line 
29.
LaTeX Font Info:    No file OMScmtt.fd. on input line 29.


LaTeX Font Warning: Font shape `OMS/cmtt/m/n' undefined
(Font)              using `OMS/cmsy/m/n' instead
(Font)              for symbol `textbraceleft' on input line 29.

pdfTeX warning (ext4): destination with the same identifier (name{page.3}) has 
been already used, duplicate ignored
<to be read again> 
                   \relax 
l.30 
      [3]) (./Content/02_Chapters/Chapter 02/main.texpdfTeX warning (ext4): des
tination with the same identifier (name{page.4}) has been already used, duplica
te ignored
<to be read again> 
                   \relax 
l.9 \chapter
            {Literature Review} [4]
Chapter 2.
[5

]) (./Content/02_Chapters/Chapter 03/main.tex [6]
Chapter 3.
(./Content/02_Chapters/Chapter 03/Sections/00_Introduction.tex [7

] [8])
(./Content/02_Chapters/Chapter 03/Sections/01_TextProcessing.tex [9] [10])
(./Content/02_Chapters/Chapter 03/Sections/02_GraphKernels.tex [11])
(./Content/02_Chapters/Chapter 03/Sections/03_HClust.tex [12])
(./Content/02_Chapters/Chapter 03/Sections/05_Development.tex [13]
<Content/Images/ScriptMap.png, id=402, 774.895pt x 643.40375pt>
File: Content/Images/ScriptMap.png Graphic file (type png)
<use Content/Images/ScriptMap.png>
Package pdftex.def Info: Content/Images/ScriptMap.png  used on input line 8.
(pdftex.def)             Requested size: 433.62pt x 360.03856pt.
<Content/Images/edgeHistTimePlot.png, id=403, 2107.875pt x 2107.875pt>
File: Content/Images/edgeHistTimePlot.png Graphic file (type png)
<use Content/Images/edgeHistTimePlot.png>
Package pdftex.def Info: Content/Images/edgeHistTimePlot.png  used on input lin
e 15.
(pdftex.def)             Requested size: 433.62pt x 433.5967pt.
 [14]
[15 <./Content/Images/ScriptMap.png>] [16 <./Content/Images/edgeHistTimePlot.pn
g>] [17])) (./Content/02_Chapters/Chapter 04/main.tex [18]
Chapter 4.
(./Content/02_Chapters/Chapter 04/Sections/01_HClustResults.tex
<Content/Images/hclust_variation.png, id=427, 2257.43375pt x 2174.1225pt>
File: Content/Images/hclust_variation.png Graphic file (type png)
<use Content/Images/hclust_variation.png>
Package pdftex.def Info: Content/Images/hclust_variation.png  used on input lin
e 19.
(pdftex.def)             Requested size: 433.62pt x 417.59929pt.
 [19

] [20 <./Content/Images/hclust_variation.png>]
<Content/Images/5cluster.png, id=437, 3914.625pt x 1806.75pt>
File: Content/Images/5cluster.png Graphic file (type png)
<use Content/Images/5cluster.png>
Package pdftex.def Info: Content/Images/5cluster.png  used on input line 42.
(pdftex.def)             Requested size: 433.62pt x 200.12155pt.
<Content/Images/comembers5.png, id=438, 2409.0pt x 2409.0pt>
File: Content/Images/comembers5.png Graphic file (type png)
<use Content/Images/comembers5.png>
Package pdftex.def Info: Content/Images/comembers5.png  used on input line 49.
(pdftex.def)             Requested size: 433.62pt x 433.6013pt.
 [21 <./Content/Images/5cluster.png>]
[22 <./Content/Images/comembers5.png>]
<Content/Images/nhtsa_tf_idf.png, id=450, 2571.6075pt x 1956.30875pt>
File: Content/Images/nhtsa_tf_idf.png Graphic file (type png)
<use Content/Images/nhtsa_tf_idf.png>
Package pdftex.def Info: Content/Images/nhtsa_tf_idf.png  used on input line 62
.
(pdftex.def)             Requested size: 433.62pt x 329.85167pt.
 [23 <./Content/Images/nhtsa_tf_idf.png>]
<Content/Images/graph_k5_2.png, id=458, 2571.6075pt x 1956.30875pt>
File: Content/Images/graph_k5_2.png Graphic file (type png)
<use Content/Images/graph_k5_2.png>
Package pdftex.def Info: Content/Images/graph_k5_2.png  used on input line 69.
(pdftex.def)             Requested size: 433.62pt x 329.85167pt.
[24 <./Content/Images/graph_k5_2.png>]
<Content/Images/reddit_wss.png, id=472, 2107.875pt x 2107.875pt>
File: Content/Images/reddit_wss.png Graphic file (type png)
<use Content/Images/reddit_wss.png>
Package pdftex.def Info: Content/Images/reddit_wss.png  used on input line 85.
(pdftex.def)             Requested size: 433.62pt x 433.5967pt.
<Content/Images/k4_reddit_clusters.png, id=473, 2107.875pt x 2107.875pt>
File: Content/Images/k4_reddit_clusters.png Graphic file (type png)
<use Content/Images/k4_reddit_clusters.png>
Package pdftex.def Info: Content/Images/k4_reddit_clusters.png  used on input l
ine 92.
(pdftex.def)             Requested size: 433.62pt x 433.5967pt.
 [25] [26 <./Content/Images/reddit_wss.png>] [27 <./Content/Images/k4_reddit_cl
usters.png>]
<Content/Images/reddit_network.png, id=490, 772.8875pt x 476.78125pt>
File: Content/Images/reddit_network.png Graphic file (type png)
<use Content/Images/reddit_network.png>
Package pdftex.def Info: Content/Images/reddit_network.png  used on input line 
99.
(pdftex.def)             Requested size: 433.62pt x 267.49037pt.
 [28 <./Content/Images/reddit_network.png>] [29])) (./Content/02_Chapters/Chapt
er 05/main.tex [30]
Chapter 5.
[31

]) (./Content/02_Chapters/Chapter 06/main.tex [32]
Chapter 6.
) (./Content/02_Chapters/appendix.tex [33

] [34


]
Appendix A.

Overfull \hbox (205.13644pt too wide) in paragraph at lines 25--26
[][][][][][][][][][][][][][][][][][][][][][][][][][][][][][][][][][][][][][][][
][][][][][][][][][][][]  
 []

[35

] [36]
Appendix B.
[37

] [38] [39] [40] [41] [42] [43] [44] [45] [46] [47] [48]
Appendix C.

LaTeX Warning: No positions in optional float specifier.
               Default added (so using `tbp') on input line 409.


Overfull \hbox (45.80733pt too wide) in paragraph at lines 411--462
[][] 
 []

[49

] [50]
Appendix D.
)) (./main.bbl [51

] [52

]) [53]
Package atveryend Info: Empty hook `BeforeClearDocument' on input line 79.
Package atveryend Info: Empty hook `AfterLastShipout' on input line 79.
 (./main.aux)
Package atveryend Info: Executing hook `AtVeryEndDocument' on input line 79.
Package atveryend Info: Executing hook `AtEndAfterFileList' on input line 79.
Package rerunfilecheck Info: File `main.out' has not changed.
(rerunfilecheck)             Checksum: 94880D7417F87FC2DDA86D2B06598424;2080.


LaTeX Font Warning: Some font shapes were not available, defaults substituted.

Package atveryend Info: Empty hook `AtVeryVeryEnd' on input line 79.
 ) 
Here is how much of TeX's memory you used:
 24204 strings out of 492162
 441829 string characters out of 6125292
 724788 words of memory out of 5000000
 27527 multiletter control sequences out of 15000+600000
 14502 words of font info for 55 fonts, out of 8000000 for 9000
 1141 hyphenation exceptions out of 8191
 76i,11n,69p,1937b,2571s stack positions out of 5000i,500n,10000p,200000b,80000s
</usr/local/texlive/2019/texmf-dist/fonts/type1/public/amsfonts/cm/cmbx10.pfb
></usr/local/texlive/2019/texmf-dist/fonts/type1/public/amsfonts/cm/cmbx12.pfb>
</usr/local/texlive/2019/texmf-dist/fonts/type1/public/amsfonts/cm/cmbx6.pfb></
usr/local/texlive/2019/texmf-dist/fonts/type1/public/amsfonts/cm/cmcsc10.pfb></
usr/local/texlive/2019/texmf-dist/fonts/type1/public/amsfonts/cm/cmex10.pfb></u
sr/local/texlive/2019/texmf-dist/fonts/type1/public/amsfonts/cm/cmmi12.pfb></us
r/local/texlive/2019/texmf-dist/fonts/type1/public/amsfonts/cm/cmmi6.pfb></usr/
local/texlive/2019/texmf-dist/fonts/type1/public/amsfonts/cm/cmmi8.pfb></usr/lo
cal/texlive/2019/texmf-dist/fonts/type1/public/amsfonts/cm/cmr10.pfb></usr/loca
l/texlive/2019/texmf-dist/fonts/type1/public/amsfonts/cm/cmr12.pfb></usr/local/
texlive/2019/texmf-dist/fonts/type1/public/amsfonts/cm/cmr6.pfb></usr/local/tex
live/2019/texmf-dist/fonts/type1/public/amsfonts/cm/cmr8.pfb></usr/local/texliv
e/2019/texmf-dist/fonts/type1/public/amsfonts/cm/cmsy10.pfb></usr/local/texlive
/2019/texmf-dist/fonts/type1/public/amsfonts/cm/cmsy6.pfb></usr/local/texlive/2
019/texmf-dist/fonts/type1/public/amsfonts/cm/cmsy8.pfb></usr/local/texlive/201
9/texmf-dist/fonts/type1/public/amsfonts/cm/cmti12.pfb></usr/local/texlive/2019
/texmf-dist/fonts/type1/public/amsfonts/cm/cmtt10.pfb></usr/local/texlive/2019/
texmf-dist/fonts/type1/public/amsfonts/cm/cmtt12.pfb>
Output written on main.pdf (62 pages, 1940077 bytes).
PDF statistics:
 1141 PDF objects out of 1200 (max. 8388607)
 1009 compressed objects within 11 object streams
 489 named destinations out of 1000 (max. 500000)
 337 words of extra memory for PDF output out of 10000 (max. 10000000)

